<?xml version="1.0" encoding="UTF-8"?>
<testsuite xmlns:xsi="http://www.w3.org/2001/XMLSchema-instance" xsi:noNamespaceSchemaLocation="https://maven.apache.org/surefire/maven-surefire-plugin/xsd/surefire-test-report.xsd" version="3.0.2" name="com.microservice.hotel.HotelServiceApplicationTests" time="8.113" tests="1" errors="0" skipped="0" failures="0">
  <properties>
[...]
</properties>
  <testcase name="contextLoads" classname="com.microservice.hotel.HotelServiceApplicationTests" time="0.713">
    <system-out><![CDATA[13:55:13.896 [main] INFO org.springframework.test.context.support.AnnotationConfigContextLoaderUtils -- Could not detect default configuration classes for test class [com.microservice.hotel.HotelServiceApplicationTests]: HotelServiceApplicationTests does not declare any static, non-private, non-final, nested classes annotated with @Configuration.
13:55:14.147 [main] INFO org.springframework.boot.test.context.SpringBootTestContextBootstrapper -- Found @SpringBootConfiguration com.microservice.hotel.HotelServiceApplication for test class com.microservice.hotel.HotelServiceApplicationTests

  .   ____          _            __ _ _
 /\\ / ___'_ __ _ _(_)_ __  __ _ \ \ \ \
( ( )\___ | '_ | '_| | '_ \/ _` | \ \ \ \
 \\/  ___)| |_)| | | | | || (_| |  ) ) ) )
  '  |____| .__|_| |_|_| |_\__, | / / / /
 =========|_|==============|___/=/_/_/_/

 :: Spring Boot ::                (v3.4.4)

2025-03-31T13:55:15.311+05:30  INFO 2812 --- [HotelService] [           main] c.m.hotel.HotelServiceApplicationTests   : Starting HotelServiceApplicationTests using Java 17.0.14 with PID 2812 (started by Anwesha in C:\Users\Admin\OneDrive\Desktop\Microservice\HotelService)
2025-03-31T13:55:15.317+05:30  INFO 2812 --- [HotelService] [           main] c.m.hotel.HotelServiceApplicationTests   : No active profile set, falling back to 1 default profile: "default"
2025-03-31T13:55:16.248+05:30  INFO 2812 --- [HotelService] [           main] .s.d.r.c.RepositoryConfigurationDelegate : Bootstrapping Spring Data JPA repositories in DEFAULT mode.
2025-03-31T13:55:16.328+05:30  INFO 2812 --- [HotelService] [           main] .s.d.r.c.RepositoryConfigurationDelegate : Finished Spring Data repository scanning in 66 ms. Found 1 JPA repository interface.
2025-03-31T13:55:16.851+05:30  INFO 2812 --- [HotelService] [           main] o.hibernate.jpa.internal.util.LogHelper  : HHH000204: Processing PersistenceUnitInfo [name: default]
2025-03-31T13:55:16.993+05:30  INFO 2812 --- [HotelService] [           main] org.hibernate.Version                    : HHH000412: Hibernate ORM core version 6.6.11.Final
2025-03-31T13:55:17.080+05:30  INFO 2812 --- [HotelService] [           main] o.h.c.internal.RegionFactoryInitiator    : HHH000026: Second-level cache disabled
2025-03-31T13:55:17.843+05:30  INFO 2812 --- [HotelService] [           main] o.s.o.j.p.SpringPersistenceUnitInfo      : No LoadTimeWeaver setup: ignoring JPA class transformer
2025-03-31T13:55:17.920+05:30  INFO 2812 --- [HotelService] [           main] com.zaxxer.hikari.HikariDataSource       : HikariPool-1 - Starting...
2025-03-31T13:55:18.536+05:30  INFO 2812 --- [HotelService] [           main] com.zaxxer.hikari.pool.HikariPool        : HikariPool-1 - Added connection com.mysql.cj.jdbc.ConnectionImpl@5611bba
2025-03-31T13:55:18.539+05:30  INFO 2812 --- [HotelService] [           main] com.zaxxer.hikari.HikariDataSource       : HikariPool-1 - Start completed.
2025-03-31T13:55:18.645+05:30  INFO 2812 --- [HotelService] [           main] org.hibernate.orm.connections.pooling    : HHH10001005: Database info:
	Database JDBC URL [Connecting through datasource 'HikariDataSource (HikariPool-1)']
	Database driver: undefined/unknown
	Database version: 8.0.20
	Autocommit mode: undefined/unknown
	Isolation level: undefined/unknown
	Minimum pool size: undefined/unknown
	Maximum pool size: undefined/unknown
2025-03-31T13:55:19.592+05:30  INFO 2812 --- [HotelService] [           main] o.h.e.t.j.p.i.JtaPlatformInitiator       : HHH000489: No JTA platform available (set 'hibernate.transaction.jta.platform' to enable JTA platform integration)
2025-03-31T13:55:19.640+05:30  INFO 2812 --- [HotelService] [           main] j.LocalContainerEntityManagerFactoryBean : Initialized JPA EntityManagerFactory for persistence unit 'default'
2025-03-31T13:55:20.263+05:30  WARN 2812 --- [HotelService] [           main] JpaBaseConfiguration$JpaWebConfiguration : spring.jpa.open-in-view is enabled by default. Therefore, database queries may be performed during view rendering. Explicitly configure spring.jpa.open-in-view to disable this warning
2025-03-31T13:55:21.076+05:30  INFO 2812 --- [HotelService] [           main] c.m.hotel.HotelServiceApplicationTests   : Started HotelServiceApplicationTests in 6.546 seconds (process running for 8.396)
]]></system-out>
  </testcase>
</testsuite>